Running phase: unpackPhase
@nix { "action": "setPhase", "phase": "unpackPhase" }
unpacking source archive /nix/store/23awqbicv07cxc9rz5ph0aqcxnq606jz-libaaio-0.3.1.tar.bz2
source root is libaaio-0.3.1
setting SOURCE_DATE_EPOCH to timestamp 1127396130 of file "libaaio-0.3.1/man/man3/Makefile.in"
Running phase: patchPhase
@nix { "action": "setPhase", "phase": "patchPhase" }
Running phase: autoreconfPhase
@nix { "action": "setPhase", "phase": "autoreconfPhase" }
autoreconf: export WARNINGS=
autoreconf: warning: autoconf input should be named 'configure.ac', not 'configure.in'
autoreconf: Entering directory '.'
autoreconf: configure.in: not using Gettext
autoreconf: running: aclocal --force 
aclocal: warning: autoconf input should be named 'configure.ac', not 'configure.in'
autoreconf: configure.in: tracing
autoreconf: running: libtoolize --copy --force
libtoolize: putting auxiliary files in '.'.
libtoolize: copying file './ltmain.sh'
libtoolize: Consider adding 'AC_CONFIG_MACRO_DIRS([m4])' to configure.in,
libtoolize: and rerunning libtoolize and aclocal.
libtoolize: Consider adding '-I m4' to ACLOCAL_AMFLAGS in Makefile.am.
autoreconf: configure.in: not using Intltool
autoreconf: configure.in: not using Gtkdoc
autoreconf: running: aclocal --force 
aclocal: warning: autoconf input should be named 'configure.ac', not 'configure.in'
autoreconf: running: /nix/store/garr3nwr5apsl5nb1v8jn90sp1bz1bl3-autoconf-2.72/bin/autoconf --force
configure.in:10: warning: AM_INIT_AUTOMAKE: two- and three-arguments forms are deprecated.
./lib/autoconf/general.m4:2434: AC_DIAGNOSE is expanded from...
aclocal.m4:9610: AM_INIT_AUTOMAKE is expanded from...
configure.in:10: the top level
configure.in:15: warning: The macro 'AM_PROG_LIBTOOL' is obsolete.
configure.in:15: You should run autoupdate.
aclocal.m4:123: AM_PROG_LIBTOOL is expanded from...
configure.in:15: the top level
configure.in:20: warning: The macro 'AC_HEADER_STDC' is obsolete.
configure.in:20: You should run autoupdate.
./lib/autoconf/headers.m4:663: AC_HEADER_STDC is expanded from...
configure.in:20: the top level
configure.in:37: warning: The macro 'AC_PROG_GCC_TRADITIONAL' is obsolete.
configure.in:37: You should run autoupdate.
./lib/autoconf/c.m4:1676: AC_PROG_GCC_TRADITIONAL is expanded from...
configure.in:37: the top level
configure.in:43: warning: AC_OUTPUT should be used without arguments.
configure.in:43: You should run autoupdate.
autoreconf: configure.in: not using Autoheader
autoreconf: running: automake --add-missing --copy --force-missing
automake: warning: autoconf input should be named 'configure.ac', not 'configure.in'
configure.in:10: warning: AM_INIT_AUTOMAKE: two- and three-arguments forms are deprecated.  For more info, see:
configure.in:10: https://www.gnu.org/software/automake/manual/automake.html#Modernize-AM_005fINIT_005fAUTOMAKE-invocation
configure.in:13: installing './compile'
configure.in:10: installing './missing'
automake: warning: autoconf input should be named 'configure.ac', not 'configure.in'
Makefile.am: installing './depcomp'
Makefile.am:11: warning: 'CFLAGS' is a user variable, you should not override it;
Makefile.am:11: use 'AM_CFLAGS' instead
autoreconf: './install-sh' is updated
autoreconf: Leaving directory '.'
Running phase: updateAutotoolsGnuConfigScriptsPhase
@nix { "action": "setPhase", "phase": "updateAutotoolsGnuConfigScriptsPhase" }
Updating Autotools / GNU config script to a newer upstream version: ./config.sub
Updating Autotools / GNU config script to a newer upstream version: ./config.guess
Running phase: configurePhase
@nix { "action": "setPhase", "phase": "configurePhase" }
fixing libtool script ./ltmain.sh
./configure
patching script interpreter paths in ./configure
./configure: interpreter directive changed from "#! /bin/sh" to "/nix/store/gkwbw9nzbkbz298njbn3577zmrnglbbi-bash-5.3p0/bin/sh"
configure flags: --disable-static --disable-dependency-tracking --prefix=/nix/store/40rcv1jp8pmss3g7wrmd38wr9q4sy6mq-libaaio-0.3.1 --prefix=\$out
checking for a BSD-compatible install... /nix/store/ih779chzzag1nm91fgnrndml4mghm3la-coreutils-9.7/bin/install -c
checking whether build environment is sane... yes
checking for a race-free mkdir -p... /nix/store/ih779chzzag1nm91fgnrndml4mghm3la-coreutils-9.7/bin/mkdir -p
checking for gawk... gawk
checking whether make sets $(MAKE)... yes
checking whether make supports nested variables... yes
checking for gcc... gcc
checking whether the C compiler works... yes
checking for C compiler default output file name... a.out
checking for suffix of executables... 
checking whether we are cross compiling... no
checking for suffix of object files... o
checking whether the compiler supports GNU C... yes
checking whether gcc accepts -g... yes
checking for gcc option to enable C11 features... none needed
checking whether gcc understands -c and -o together... yes
checking whether make supports the include directive... yes (GNU style)
checking dependency style of gcc... none
checking build system type... x86_64-pc-linux-gnu
checking host system type... x86_64-pc-linux-gnu
checking how to print strings... printf
checking for a sed that does not truncate output... /nix/store/ql68miwsgz9094bi3qa7nk17bfwf6h6a-gnused-4.9/bin/sed
checking for grep that handles long lines and -e... /nix/store/k7gv42hpqwh6ghiyl4ava9p5r249x6vn-gnugrep-3.12/bin/grep
checking for egrep... /nix/store/k7gv42hpqwh6ghiyl4ava9p5r249x6vn-gnugrep-3.12/bin/grep -E
checking for fgrep... /nix/store/k7gv42hpqwh6ghiyl4ava9p5r249x6vn-gnugrep-3.12/bin/grep -F
checking for ld used by gcc... ld
checking if the linker (ld) is GNU ld... yes
checking for BSD- or MS-compatible name lister (nm)... nm
checking the name lister (nm) interface... BSD nm
checking whether ln -s works... yes
checking the maximum length of command line arguments... 1572864
checking how to convert x86_64-pc-linux-gnu file names to x86_64-pc-linux-gnu format... func_convert_file_noop
checking how to convert x86_64-pc-linux-gnu file names to toolchain format... func_convert_file_noop
checking for ld option to reload object files... -r
checking for file... file
checking for objdump... objdump
checking how to recognize dependent libraries... (cached) pass_all
checking for dlltool... no
checking how to associate runtime and link libraries... printf %s\n
checking for ranlib... ranlib
checking for archiver @FILE support... @
checking for strip... strip
checking command to parse nm output from gcc object... ok
checking for sysroot... no
checking for a working dd... /nix/store/ih779chzzag1nm91fgnrndml4mghm3la-coreutils-9.7/bin/dd
checking how to truncate binary pipes... /nix/store/ih779chzzag1nm91fgnrndml4mghm3la-coreutils-9.7/bin/dd bs=4096 count=1
checking for mt... no
checking if : is a manifest tool... no
checking for stdio.h... yes
checking for stdlib.h... yes
checking for string.h... yes
checking for inttypes.h... yes
checking for stdint.h... yes
checking for strings.h... yes
checking for sys/stat.h... yes
checking for sys/types.h... yes
checking for unistd.h... yes
checking for dlfcn.h... yes
checking for objdir... .libs
checking if gcc supports -fno-rtti -fno-exceptions... no
checking for gcc option to produce PIC... -fPIC -DPIC
checking if gcc PIC flag -fPIC -DPIC works... yes
checking if gcc static flag -static works... no
checking if gcc supports -c -o file.o... yes
checking if gcc supports -c -o file.o... (cached) yes
checking whether the gcc linker (ld -m elf_x86_64) supports shared libraries... yes
checking whether -lc should be explicitly linked in... no
checking dynamic linker characteristics... GNU/Linux ld.so
checking how to hardcode library paths into programs... immediate
checking whether stripping libraries is possible... yes
checking if libtool supports shared libraries... yes
checking whether to build shared libraries... yes
checking whether to build static libraries... no
checking for egrep... (cached) /nix/store/k7gv42hpqwh6ghiyl4ava9p5r249x6vn-gnugrep-3.12/bin/grep -E
checking for sys/wait.h that is POSIX.1 compatible... yes
checking for stdlib.h... (cached) yes
checking for string.h... (cached) yes
checking for stdio.h... (cached) yes
checking for errno.h... yes
checking for sys/types.h... (cached) yes
checking for sys/wait.h... (cached) yes
checking for sys/ioctl.h... yes
checking for unistd.h... (cached) yes
checking for sys/filio.h... no
checking for termios.h... yes
checking for an ANSI C-conforming const... yes
checking for pid_t... yes
checking for malloc... yes
checking for fork... yes
checking for pipe... yes
checking for dup2... yes
checking for system... yes
checking for ioctl... yes
checking that generated files are newer than configure... done
configure: creating ./config.status
config.status: creating Makefile
config.status: creating man/Makefile
config.status: creating man/man3/Makefile
config.status: executing depfiles commands
config.status: executing libtool commands
Running phase: buildPhase
@nix { "action": "setPhase", "phase": "buildPhase" }
build flags: SHELL=/nix/store/gkwbw9nzbkbz298njbn3577zmrnglbbi-bash-5.3p0/bin/bash
Making all in man
make[1]: Entering directory '/build/libaaio-0.3.1/man'
Making all in man3
make[2]: Entering directory '/build/libaaio-0.3.1/man/man3'
make[2]: Nothing to be done for 'all'.
make[2]: Leaving directory '/build/libaaio-0.3.1/man/man3'
make[2]: Entering directory '/build/libaaio-0.3.1/man'
make[2]: Nothing to be done for 'all-am'.
make[2]: Leaving directory '/build/libaaio-0.3.1/man'
make[1]: Leaving directory '/build/libaaio-0.3.1/man'
make[1]: Entering directory '/build/libaaio-0.3.1'
/nix/store/gkwbw9nzbkbz298njbn3577zmrnglbbi-bash-5.3p0/bin/bash ./libtool  --tag=CC   --mode=compile gcc -DPACKAGE_NAME=\"\" -DPACKAGE_TARNAME=\"\" -DPACKAGE_VERSION=\"\" -DPACKAGE_STRING=\"\" -DPACKAGE_BUGREPORT=\"\" -DPACKAGE_URL=\"\" -DPACKAGE=\"libaaio\" -DVERSION=\"0.3.1\" -DHAVE_STDIO_H=1 -DHAVE_STDLIB_H=1 -DHAVE_STRING_H=1 -DHAVE_INTTYPES_H=1 -DHAVE_STDINT_H=1 -DHAVE_STRINGS_H=1 -DHAVE_SYS_STAT_H=1 -DHAVE_SYS_TYPES_H=1 -DHAVE_UNISTD_H=1 -DSTDC_HEADERS=1 -DHAVE_DLFCN_H=1 -DLT_OBJDIR=\".libs/\" -DHAVE_SYS_WAIT_H=1 -DHAVE_STDLIB_H=1 -DHAVE_STRING_H=1 -DHAVE_STDIO_H=1 -DHAVE_ERRNO_H=1 -DHAVE_SYS_TYPES_H=1 -DHAVE_SYS_WAIT_H=1 -DHAVE_SYS_IOCTL_H=1 -DHAVE_UNISTD_H=1 -DHAVE_TERMIOS_H=1 -DHAVE_MALLOC=1 -DHAVE_FORK=1 -DHAVE_PIPE=1 -DHAVE_DUP2=1 -DHAVE_SYSTEM=1 -DHAVE_IOCTL=1 -I.     -Wall -pedantic -std=c99 -c -o aaio.lo aaio.c
libtool: compile:  gcc -DPACKAGE_NAME=\"\" -DPACKAGE_TARNAME=\"\" -DPACKAGE_VERSION=\"\" -DPACKAGE_STRING=\"\" -DPACKAGE_BUGREPORT=\"\" -DPACKAGE_URL=\"\" -DPACKAGE=\"libaaio\" -DVERSION=\"0.3.1\" -DHAVE_STDIO_H=1 -DHAVE_STDLIB_H=1 -DHAVE_STRING_H=1 -DHAVE_INTTYPES_H=1 -DHAVE_STDINT_H=1 -DHAVE_STRINGS_H=1 -DHAVE_SYS_STAT_H=1 -DHAVE_SYS_TYPES_H=1 -DHAVE_UNISTD_H=1 -DSTDC_HEADERS=1 -DHAVE_DLFCN_H=1 -DLT_OBJDIR=\".libs/\" -DHAVE_SYS_WAIT_H=1 -DHAVE_STDLIB_H=1 -DHAVE_STRING_H=1 -DHAVE_STDIO_H=1 -DHAVE_ERRNO_H=1 -DHAVE_SYS_TYPES_H=1 -DHAVE_SYS_WAIT_H=1 -DHAVE_SYS_IOCTL_H=1 -DHAVE_UNISTD_H=1 -DHAVE_TERMIOS_H=1 -DHAVE_MALLOC=1 -DHAVE_FORK=1 -DHAVE_PIPE=1 -DHAVE_DUP2=1 -DHAVE_SYSTEM=1 -DHAVE_IOCTL=1 -I. -Wall -pedantic -std=c99 -c aaio.c  -fPIC -DPIC -o .libs/aaio.o
/nix/store/gkwbw9nzbkbz298njbn3577zmrnglbbi-bash-5.3p0/bin/bash ./libtool  --tag=CC   --mode=link gcc  -Wall -pedantic -std=c99 -version-info 1:1:1  -o libaaio.la -rpath ut/lib aaio.lo  
libtool:   error: argument to -rpath is not absolute: ut/lib
make[1]: *** [Makefile:466: libaaio.la] Error 1
make[1]: Leaving directory '/build/libaaio-0.3.1'
make: *** [Makefile:540: all-recursive] Error 1
